<?xml version="1.0" encoding="UTF-8"?>
<testng-results ignored="0" total="1" passed="1" failed="0" skipped="0">
  <reporter-output>
  </reporter-output>
  <suite started-at="2025-05-06T20:33:33 IST" name="Default suite" finished-at="2025-05-06T20:34:17 IST" duration-ms="43390">
    <groups>
      <group name="cucumber">
        <method signature="AbstractTestNGCucumberTests.runScenario(io.cucumber.testng.PickleWrapper,io.cucumber.testng.FeatureWrapper)[pri:0, instance:runner.CucumberRunnerTests@1ff4931d]" name="runScenario" class="io.cucumber.testng.AbstractTestNGCucumberTests"/>
      </group> <!-- cucumber -->
    </groups>
    <test started-at="2025-05-06T20:33:33 IST" name="Default test" finished-at="2025-05-06T20:34:17 IST" duration-ms="43390">
      <class name="runner.CucumberRunnerTests">
        <test-method is-config="true" signature="setUpClass(org.testng.ITestContext)[pri:0, instance:runner.CucumberRunnerTests@1ff4931d]" started-at="2025-05-06T20:33:33 IST" name="setUpClass" finished-at="2025-05-06T20:33:34 IST" duration-ms="243" status="PASS">
          <params>
            <param index="0">
              <value>
                <![CDATA[org.testng.TestRunner@5d5c04f9]]>
              </value>
            </param>
          </params>
          <reporter-output>
          </reporter-output>
        </test-method> <!-- setUpClass -->
        <test-method signature="runScenario(io.cucumber.testng.PickleWrapper,io.cucumber.testng.FeatureWrapper)[pri:0, instance:runner.CucumberRunnerTests@1ff4931d]" started-at="2025-05-06T20:33:34 IST" name="runScenario" description="Runs Cucumber Scenarios" data-provider="scenarios" finished-at="2025-05-06T20:34:17 IST" duration-ms="43089" status="PASS">
          <params>
            <param index="0">
              <value>
                <![CDATA["TC01 Add Job - particular Test Object"]]>
              </value>
            </param>
            <param index="1">
              <value>
                <![CDATA["Create Job Record automatiom in openorange hrm"]]>
              </value>
            </param>
          </params>
          <reporter-output>
          </reporter-output>
        </test-method> <!-- runScenario -->
        <test-method is-config="true" signature="tearDownClass()[pri:0, instance:runner.CucumberRunnerTests@1ff4931d]" started-at="2025-05-06T20:34:17 IST" name="tearDownClass" finished-at="2025-05-06T20:34:17 IST" duration-ms="11" status="PASS">
          <reporter-output>
          </reporter-output>
        </test-method> <!-- tearDownClass -->
      </class> <!-- runner.CucumberRunnerTests -->
    </test> <!-- Default test -->
  </suite> <!-- Default suite -->
</testng-results>
